[2020-07-01T17:53:29.065] [DEBUG] cheese - login => username:admin,password:123456
[2020-07-01T17:53:29.067] [DEBUG] cheese - admin
[2020-07-01T17:53:29.078] [DEBUG] cheese - null
[2020-07-01T17:53:29.079] [DEBUG] cheese - null
[2020-07-02T14:37:12.491] [DEBUG] cheese - login => username:admin,password:123456
[2020-07-02T14:37:12.491] [DEBUG] cheese - admin
[2020-07-02T14:37:12.499] [DEBUG] cheese - null
[2020-07-02T14:37:12.499] [DEBUG] cheese - null
[2020-07-02T14:42:47.213] [DEBUG] cheese - login => username:admin,password:123456
[2020-07-02T14:42:47.213] [DEBUG] cheese - admin
[2020-07-02T14:42:47.215] [DEBUG] cheese - null
[2020-07-02T14:42:47.215] [DEBUG] cheese - null
[2020-07-02T14:43:31.290] [DEBUG] cheese - login => username:admin,password:123456
[2020-07-02T14:43:31.290] [DEBUG] cheese - admin
[2020-07-02T14:43:31.292] [DEBUG] cheese - null
[2020-07-02T14:43:31.292] [DEBUG] cheese - null
[2020-07-02T14:45:40.447] [DEBUG] cheese - login => username:admin,password:123456
[2020-07-02T14:45:40.448] [DEBUG] cheese - admin
[2020-07-02T14:45:40.450] [DEBUG] cheese - null
[2020-07-02T14:45:40.450] [DEBUG] cheese - null
[2020-07-02T14:45:56.404] [DEBUG] cheese - login => username:admin,password:123456
[2020-07-02T14:45:56.404] [DEBUG] cheese - admin
[2020-07-02T14:45:56.406] [DEBUG] cheese - null
[2020-07-02T14:45:56.406] [DEBUG] cheese - null
[2020-07-02T14:49:23.071] [DEBUG] cheese - login => username:aaa,password:aaaaaa
[2020-07-02T14:49:23.071] [DEBUG] cheese - aaa
[2020-07-02T14:49:23.073] [DEBUG] cheese - null
[2020-07-02T14:49:23.073] [DEBUG] cheese - null
[2020-07-02T14:49:29.439] [DEBUG] cheese - login => username:admin,password:123456
[2020-07-02T14:49:29.439] [DEBUG] cheese - admin
[2020-07-02T14:49:29.442] [DEBUG] cheese - null
[2020-07-02T14:49:29.442] [DEBUG] cheese - null
[2020-07-02T14:53:54.741] [DEBUG] cheese - login => username:admin,password:123456
[2020-07-02T14:53:54.741] [DEBUG] cheese - admin
[2020-07-02T14:53:54.743] [DEBUG] cheese - null
[2020-07-02T14:53:54.743] [DEBUG] cheese - null
[2020-07-02T14:56:53.286] [DEBUG] cheese - login => username:admin,password:123456
[2020-07-02T14:56:53.286] [DEBUG] cheese - admin
[2020-07-02T14:56:53.288] [DEBUG] cheese - null
[2020-07-02T14:56:53.288] [DEBUG] cheese - null
[2020-07-02T15:06:05.211] [DEBUG] cheese - login => username:admin,password:123456
[2020-07-02T15:06:05.211] [DEBUG] cheese - admin
[2020-07-02T15:06:05.213] [DEBUG] cheese - null
[2020-07-02T15:06:05.213] [DEBUG] cheese - null
[2020-07-02T15:10:02.387] [DEBUG] cheese - login => username:admin,password:123456
[2020-07-02T15:10:02.388] [DEBUG] cheese - admin
[2020-07-02T15:10:02.390] [DEBUG] cheese - null
[2020-07-02T15:10:02.390] [DEBUG] cheese - null
[2020-07-02T15:11:54.881] [DEBUG] cheese - login => username:admin,password:123456
[2020-07-02T15:11:54.881] [DEBUG] cheese - admin
[2020-07-02T15:11:54.883] [DEBUG] cheese - null
[2020-07-02T15:11:54.883] [DEBUG] cheese - null
[2020-07-02T15:12:02.231] [DEBUG] cheese - login => username:admin,password:123456
[2020-07-02T15:12:02.231] [DEBUG] cheese - admin
[2020-07-02T15:12:02.233] [DEBUG] cheese - null
[2020-07-02T15:12:02.233] [DEBUG] cheese - null
[2020-07-02T15:12:25.109] [DEBUG] cheese - login => username:admin,password:123456
[2020-07-02T15:12:25.109] [DEBUG] cheese - admin
[2020-07-02T15:12:25.110] [DEBUG] cheese - null
[2020-07-02T15:12:25.111] [DEBUG] cheese - null
